<?xml version="1.0" encoding="UTF-8"?>
<!-- Generated by org.testng.reporters.JUnitXMLReporter -->
<testsuite ignored="0" hostname="DESKTOP-OJ7BRVM" failures="0" tests="4" name="NPK Test" time="20.897" errors="0" timestamp="2023-06-29T03:20:10 IST">
  <testcase classname="testcases.MyFirstTestLogin" name="loginTest" time="0.201"/>
  <testcase classname="testcases.MyFirstTestLogin" name="loginTest" time="0.192"/>
  <testcase classname="testcases.MyFirstTestLogin" name="loginTest" time="0.24"/>
  <testcase classname="testcases.MyFirstTestLogin" name="loginTest" time="5.264"/>
</testsuite> <!-- NPK Test -->
