<?xml version="1.0" encoding="UTF-8"?>
<testng-results ignored="0" total="4" passed="4" failed="0" skipped="0">
  <reporter-output>
  </reporter-output>
  <suite started-at="2023-06-29T03:19:50 IST" name="NPK Test Suite" finished-at="2023-06-29T03:20:10 IST" duration-ms="20897">
    <groups>
    </groups>
    <test started-at="2023-06-29T03:19:50 IST" name="NPK Test" finished-at="2023-06-29T03:20:10 IST" duration-ms="20897">
      <class name="testcases.MyFirstTestLogin">
        <test-method is-config="true" signature="setUp()[pri:0, instance:testcases.MyFirstTestLogin@33bc72d1]" started-at="2023-06-29T03:19:50 IST" name="setUp" finished-at="2023-06-29T03:19:55 IST" duration-ms="5280" status="PASS">
          <reporter-output>
          </reporter-output>
        </test-method> <!-- setUp -->
        <test-method signature="loginTest(java.lang.String,java.lang.String)[pri:0, instance:testcases.MyFirstTestLogin@33bc72d1]" started-at="2023-06-29T03:19:55 IST" name="loginTest" data-provider="testdata" finished-at="2023-06-29T03:19:55 IST" duration-ms="201" status="PASS">
          <params>
            <param index="0">
              <value>
                <![CDATA[standard_user]]>
              </value>
            </param>
            <param index="1">
              <value>
                <![CDATA[secret_sauce]]>
              </value>
            </param>
          </params>
          <reporter-output>
          </reporter-output>
        </test-method> <!-- loginTest -->
        <test-method is-config="true" signature="tearDown()[pri:0, instance:testcases.MyFirstTestLogin@33bc72d1]" started-at="2023-06-29T03:19:55 IST" name="tearDown" finished-at="2023-06-29T03:19:55 IST" duration-ms="101" status="PASS">
          <reporter-output>
          </reporter-output>
        </test-method> <!-- tearDown -->
        <test-method is-config="true" signature="setUp()[pri:0, instance:testcases.MyFirstTestLogin@33bc72d1]" started-at="2023-06-29T03:19:55 IST" name="setUp" finished-at="2023-06-29T03:19:59 IST" duration-ms="3307" status="PASS">
          <reporter-output>
          </reporter-output>
        </test-method> <!-- setUp -->
        <test-method signature="loginTest(java.lang.String,java.lang.String)[pri:0, instance:testcases.MyFirstTestLogin@33bc72d1]" started-at="2023-06-29T03:19:59 IST" name="loginTest" data-provider="testdata" finished-at="2023-06-29T03:19:59 IST" duration-ms="192" status="PASS">
          <params>
            <param index="0">
              <value>
                <![CDATA[locked_out_user]]>
              </value>
            </param>
            <param index="1">
              <value>
                <![CDATA[secret_sauce]]>
              </value>
            </param>
          </params>
          <reporter-output>
          </reporter-output>
        </test-method> <!-- loginTest -->
        <test-method is-config="true" signature="tearDown()[pri:0, instance:testcases.MyFirstTestLogin@33bc72d1]" started-at="2023-06-29T03:19:59 IST" name="tearDown" finished-at="2023-06-29T03:19:59 IST" duration-ms="149" status="PASS">
          <reporter-output>
          </reporter-output>
        </test-method> <!-- tearDown -->
        <test-method is-config="true" signature="setUp()[pri:0, instance:testcases.MyFirstTestLogin@33bc72d1]" started-at="2023-06-29T03:19:59 IST" name="setUp" finished-at="2023-06-29T03:20:02 IST" duration-ms="3073" status="PASS">
          <reporter-output>
          </reporter-output>
        </test-method> <!-- setUp -->
        <test-method signature="loginTest(java.lang.String,java.lang.String)[pri:0, instance:testcases.MyFirstTestLogin@33bc72d1]" started-at="2023-06-29T03:20:02 IST" name="loginTest" data-provider="testdata" finished-at="2023-06-29T03:20:02 IST" duration-ms="240" status="PASS">
          <params>
            <param index="0">
              <value>
                <![CDATA[problem_user]]>
              </value>
            </param>
            <param index="1">
              <value>
                <![CDATA[secret_sauce]]>
              </value>
            </param>
          </params>
          <reporter-output>
          </reporter-output>
        </test-method> <!-- loginTest -->
        <test-method is-config="true" signature="tearDown()[pri:0, instance:testcases.MyFirstTestLogin@33bc72d1]" started-at="2023-06-29T03:20:02 IST" name="tearDown" finished-at="2023-06-29T03:20:02 IST" duration-ms="90" status="PASS">
          <reporter-output>
          </reporter-output>
        </test-method> <!-- tearDown -->
        <test-method is-config="true" signature="setUp()[pri:0, instance:testcases.MyFirstTestLogin@33bc72d1]" started-at="2023-06-29T03:20:02 IST" name="setUp" finished-at="2023-06-29T03:20:05 IST" duration-ms="2822" status="PASS">
          <reporter-output>
          </reporter-output>
        </test-method> <!-- setUp -->
        <test-method signature="loginTest(java.lang.String,java.lang.String)[pri:0, instance:testcases.MyFirstTestLogin@33bc72d1]" started-at="2023-06-29T03:20:05 IST" name="loginTest" data-provider="testdata" finished-at="2023-06-29T03:20:10 IST" duration-ms="5264" status="PASS">
          <params>
            <param index="0">
              <value>
                <![CDATA[performance_glitch_user]]>
              </value>
            </param>
            <param index="1">
              <value>
                <![CDATA[secret_sauce]]>
              </value>
            </param>
          </params>
          <reporter-output>
          </reporter-output>
        </test-method> <!-- loginTest -->
        <test-method is-config="true" signature="tearDown()[pri:0, instance:testcases.MyFirstTestLogin@33bc72d1]" started-at="2023-06-29T03:20:10 IST" name="tearDown" finished-at="2023-06-29T03:20:10 IST" duration-ms="130" status="PASS">
          <reporter-output>
          </reporter-output>
        </test-method> <!-- tearDown -->
      </class> <!-- testcases.MyFirstTestLogin -->
    </test> <!-- NPK Test -->
  </suite> <!-- NPK Test Suite -->
</testng-results>
